<?xml version="1.0" encoding="UTF-8"?>
<coverage generated="1770496938091" clover="3.2.0">
  <project timestamp="1770496938091" name="All files">
    <metrics statements="256" coveredstatements="206" conditionals="161" coveredconditionals="75" methods="62" coveredmethods="51" elements="479" coveredelements="332" complexity="0" loc="256" ncloc="256" packages="2" files="10" classes="10"/>
    <package name="src">
      <metrics statements="2" coveredstatements="2" conditionals="0" coveredconditionals="0" methods="0" coveredmethods="0"/>
      <file name="index.ts" path="D:\Ziad\lib\sigil\src\index.ts">
        <metrics statements="2" coveredstatements="2" conditionals="0" coveredconditionals="0" methods="0" coveredmethods="0"/>
        <line num="1" count="2" type="stmt"/>
        <line num="2" count="2" type="stmt"/>
      </file>
    </package>
    <package name="src.core">
      <metrics statements="254" coveredstatements="204" conditionals="161" coveredconditionals="75" methods="62" coveredmethods="51"/>
      <file name="classes.ts" path="D:\Ziad\lib\sigil\src\core\classes.ts">
        <metrics statements="3" coveredstatements="3" conditionals="0" coveredconditionals="0" methods="0" coveredmethods="0"/>
        <line num="1" count="2" type="stmt"/>
        <line num="9" count="2" type="stmt"/>
        <line num="18" count="2" type="stmt"/>
      </file>
      <file name="decorator.ts" path="D:\Ziad\lib\sigil\src\core\decorator.ts">
        <metrics statements="12" coveredstatements="12" conditionals="6" coveredconditionals="5" methods="2" coveredmethods="2"/>
        <line num="1" count="2" type="stmt"/>
        <line num="35" count="2" type="stmt"/>
        <line num="38" count="3" type="cond" truecount="2" falsecount="0"/>
        <line num="39" count="2" type="stmt"/>
        <line num="40" count="2" type="stmt"/>
        <line num="41" count="1" type="stmt"/>
        <line num="43" count="3" type="stmt"/>
        <line num="45" count="3" type="cond" truecount="1" falsecount="1"/>
        <line num="46" count="3" type="cond" truecount="2" falsecount="0"/>
        <line num="47" count="1" type="stmt"/>
        <line num="51" count="2" type="stmt"/>
        <line num="53" count="2" type="stmt"/>
      </file>
      <file name="enhancers.ts" path="D:\Ziad\lib\sigil\src\core\enhancers.ts">
        <metrics statements="32" coveredstatements="19" conditionals="25" coveredconditionals="9" methods="3" coveredmethods="3"/>
        <line num="1" count="2" type="stmt"/>
        <line num="8" count="2" type="stmt"/>
        <line num="29" count="2" type="stmt"/>
        <line num="34" count="13" type="cond" truecount="2" falsecount="0"/>
        <line num="35" count="1" type="stmt"/>
        <line num="41" count="12" type="cond" truecount="2" falsecount="0"/>
        <line num="42" count="11" type="stmt"/>
        <line num="43" count="11" type="stmt"/>
        <line num="44" count="1" type="stmt"/>
        <line num="47" count="12" type="stmt"/>
        <line num="48" count="12" type="stmt"/>
        <line num="49" count="12" type="stmt"/>
        <line num="51" count="12" type="stmt"/>
        <line num="69" count="2" type="stmt"/>
        <line num="74" count="1" type="cond" truecount="1" falsecount="1"/>
        <line num="75" count="1" type="stmt"/>
        <line num="79" count="0" type="cond" truecount="0" falsecount="5"/>
        <line num="80" count="0" type="stmt"/>
        <line num="81" count="0" type="cond" truecount="0" falsecount="4"/>
        <line num="83" count="0" type="stmt"/>
        <line num="88" count="0" type="stmt"/>
        <line num="110" count="2" type="stmt"/>
        <line num="115" count="1" type="cond" truecount="1" falsecount="1"/>
        <line num="116" count="1" type="stmt"/>
        <line num="122" count="0" type="cond" truecount="0" falsecount="2"/>
        <line num="123" count="0" type="stmt"/>
        <line num="124" count="0" type="stmt"/>
        <line num="125" count="0" type="stmt"/>
        <line num="128" count="0" type="stmt"/>
        <line num="129" count="0" type="stmt"/>
        <line num="130" count="0" type="stmt"/>
        <line num="132" count="0" type="stmt"/>
      </file>
      <file name="helpers.ts" path="D:\Ziad\lib\sigil\src\core\helpers.ts">
        <metrics statements="82" coveredstatements="68" conditionals="54" coveredconditionals="29" methods="16" coveredmethods="14"/>
        <line num="1" count="2" type="stmt"/>
        <line num="2" count="2" type="stmt"/>
        <line num="3" count="2" type="stmt"/>
        <line num="39" count="2" type="stmt"/>
        <line num="41" count="20" type="cond" truecount="1" falsecount="1"/>
        <line num="42" count="0" type="stmt"/>
        <line num="47" count="20" type="stmt"/>
        <line num="48" count="20" type="stmt"/>
        <line num="51" count="20" type="stmt"/>
        <line num="57" count="20" type="stmt"/>
        <line num="65" count="20" type="stmt"/>
        <line num="67" count="20" type="cond" truecount="4" falsecount="0"/>
        <line num="68" count="20" type="stmt"/>
        <line num="69" count="20" type="stmt"/>
        <line num="75" count="20" type="stmt"/>
        <line num="83" count="20" type="stmt"/>
        <line num="106" count="2" type="stmt"/>
        <line num="113" count="20" type="cond" truecount="3" falsecount="1"/>
        <line num="114" count="20" type="cond" truecount="1" falsecount="1"/>
        <line num="115" count="20" type="cond" truecount="2" falsecount="0"/>
        <line num="119" count="5" type="stmt"/>
        <line num="122" count="15" type="stmt"/>
        <line num="125" count="15" type="stmt"/>
        <line num="126" count="15" type="stmt"/>
        <line num="127" count="15" type="stmt"/>
        <line num="128" count="15" type="stmt"/>
        <line num="132" count="15" type="stmt"/>
        <line num="135" count="15" type="stmt"/>
        <line num="136" count="30" type="stmt"/>
        <line num="137" count="30" type="cond" truecount="1" falsecount="1"/>
        <line num="138" count="30" type="stmt"/>
        <line num="139" count="30" type="cond" truecount="1" falsecount="1"/>
        <line num="140" count="0" type="cond" truecount="0" falsecount="2"/>
        <line num="144" count="0" type="stmt"/>
        <line num="145" count="0" type="stmt"/>
        <line num="150" count="0" type="stmt"/>
        <line num="151" count="0" type="stmt"/>
        <line num="153" count="30" type="stmt"/>
        <line num="155" count="15" type="stmt"/>
        <line num="173" count="2" type="stmt"/>
        <line num="177" count="19" type="cond" truecount="2" falsecount="0"/>
        <line num="179" count="19" type="cond" truecount="1" falsecount="1"/>
        <line num="181" count="0" type="cond" truecount="0" falsecount="2"/>
        <line num="182" count="0" type="stmt"/>
        <line num="184" count="0" type="cond" truecount="0" falsecount="2"/>
        <line num="185" count="0" type="stmt"/>
        <line num="201" count="2" type="cond" truecount="1" falsecount="0"/>
        <line num="202" count="2" type="stmt"/>
        <line num="203" count="2" type="stmt"/>
        <line num="204" count="2" type="stmt"/>
        <line num="221" count="2" type="stmt"/>
        <line num="222" count="6" type="stmt"/>
        <line num="240" count="2" type="stmt"/>
        <line num="241" count="6" type="stmt"/>
        <line num="258" count="2" type="stmt"/>
        <line num="259" count="20" type="stmt"/>
        <line num="276" count="2" type="stmt"/>
        <line num="277" count="15" type="stmt"/>
        <line num="294" count="2" type="stmt"/>
        <line num="295" count="84" type="cond" truecount="2" falsecount="0"/>
        <line num="308" count="2" type="stmt"/>
        <line num="309" count="8" type="cond" truecount="3" falsecount="1"/>
        <line num="310" count="8" type="stmt"/>
        <line num="311" count="8" type="stmt"/>
        <line num="322" count="2" type="stmt"/>
        <line num="323" count="0" type="stmt"/>
        <line num="334" count="2" type="stmt"/>
        <line num="335" count="0" type="cond" truecount="0" falsecount="4"/>
        <line num="336" count="0" type="stmt"/>
        <line num="337" count="0" type="stmt"/>
        <line num="349" count="2" type="stmt"/>
        <line num="350" count="20" type="stmt"/>
        <line num="362" count="2" type="stmt"/>
        <line num="363" count="20" type="stmt"/>
        <line num="379" count="2" type="stmt"/>
        <line num="380" count="26" type="cond" truecount="3" falsecount="1"/>
        <line num="381" count="26" type="cond" truecount="1" falsecount="2"/>
        <line num="393" count="2" type="stmt"/>
        <line num="394" count="2" type="stmt"/>
        <line num="396" count="2" type="stmt"/>
        <line num="397" count="32" type="stmt"/>
        <line num="400" count="2" type="stmt"/>
      </file>
      <file name="index.ts" path="D:\Ziad\lib\sigil\src\core\index.ts">
        <metrics statements="15" coveredstatements="15" conditionals="0" coveredconditionals="0" methods="16" coveredmethods="10"/>
        <line num="1" count="15" type="stmt"/>
        <line num="2" count="5" type="stmt"/>
        <line num="3" count="15" type="stmt"/>
        <line num="4" count="2" type="stmt"/>
        <line num="5" count="2" type="stmt"/>
        <line num="6" count="2" type="stmt"/>
        <line num="7" count="2" type="stmt"/>
        <line num="8" count="2" type="stmt"/>
        <line num="9" count="3" type="stmt"/>
        <line num="10" count="4" type="stmt"/>
        <line num="12" count="5" type="stmt"/>
        <line num="13" count="2" type="stmt"/>
        <line num="14" count="20" type="stmt"/>
        <line num="16" count="2" type="stmt"/>
        <line num="18" count="49" type="stmt"/>
      </file>
      <file name="mixin.ts" path="D:\Ziad\lib\sigil\src\core\mixin.ts">
        <metrics statements="66" coveredstatements="45" conditionals="50" coveredconditionals="16" methods="14" coveredmethods="12"/>
        <line num="1" count="2" type="stmt"/>
        <line num="12" count="2" type="stmt"/>
        <line num="13" count="2" type="stmt"/>
        <line num="35" count="2" type="stmt"/>
        <line num="41" count="7" type="cond" truecount="2" falsecount="0"/>
        <line num="42" count="1" type="stmt"/>
        <line num="46" count="6" type="cond" truecount="1" falsecount="1"/>
        <line num="47" count="6" type="stmt"/>
        <line num="48" count="6" type="stmt"/>
        <line num="49" count="0" type="stmt"/>
        <line num="59" count="40" type="stmt"/>
        <line num="69" count="13" type="stmt"/>
        <line num="80" count="0" type="cond" truecount="0" falsecount="2"/>
        <line num="91" count="1" type="stmt"/>
        <line num="92" count="3" type="stmt"/>
        <line num="93" count="1" type="stmt"/>
        <line num="99" count="6" type="stmt"/>
        <line num="102" count="6" type="cond" truecount="1" falsecount="1"/>
        <line num="103" count="0" type="stmt"/>
        <line num="106" count="6" type="stmt"/>
        <line num="107" count="6" type="cond" truecount="1" falsecount="1"/>
        <line num="108" count="0" type="cond" truecount="0" falsecount="4"/>
        <line num="109" count="0" type="stmt"/>
        <line num="112" count="0" type="stmt"/>
        <line num="116" count="6" type="stmt"/>
        <line num="126" count="2" type="stmt"/>
        <line num="148" count="2" type="cond" truecount="1" falsecount="1"/>
        <line num="150" count="2" type="stmt"/>
        <line num="151" count="2" type="cond" truecount="1" falsecount="1"/>
        <line num="152" count="2" type="stmt"/>
        <line num="153" count="2" type="cond" truecount="2" falsecount="0"/>
        <line num="172" count="2" type="cond" truecount="1" falsecount="1"/>
        <line num="174" count="2" type="stmt"/>
        <line num="175" count="2" type="cond" truecount="1" falsecount="1"/>
        <line num="176" count="2" type="stmt"/>
        <line num="177" count="2" type="stmt"/>
        <line num="178" count="2" type="stmt"/>
        <line num="179" count="5" type="cond" truecount="2" falsecount="0"/>
        <line num="189" count="4" type="stmt"/>
        <line num="190" count="4" type="cond" truecount="1" falsecount="1"/>
        <line num="191" count="0" type="cond" truecount="0" falsecount="4"/>
        <line num="192" count="0" type="stmt"/>
        <line num="195" count="0" type="stmt"/>
        <line num="197" count="4" type="stmt"/>
        <line num="206" count="3" type="stmt"/>
        <line num="207" count="3" type="cond" truecount="1" falsecount="1"/>
        <line num="208" count="0" type="cond" truecount="0" falsecount="4"/>
        <line num="209" count="0" type="stmt"/>
        <line num="212" count="0" type="stmt"/>
        <line num="214" count="3" type="stmt"/>
        <line num="223" count="0" type="stmt"/>
        <line num="224" count="0" type="cond" truecount="0" falsecount="2"/>
        <line num="225" count="0" type="cond" truecount="0" falsecount="4"/>
        <line num="226" count="0" type="stmt"/>
        <line num="229" count="0" type="stmt"/>
        <line num="231" count="0" type="stmt"/>
        <line num="240" count="1" type="stmt"/>
        <line num="241" count="1" type="cond" truecount="1" falsecount="1"/>
        <line num="242" count="0" type="cond" truecount="0" falsecount="4"/>
        <line num="243" count="0" type="stmt"/>
        <line num="246" count="0" type="stmt"/>
        <line num="248" count="1" type="stmt"/>
        <line num="253" count="6" type="stmt"/>
        <line num="256" count="6" type="stmt"/>
        <line num="257" count="6" type="stmt"/>
        <line num="259" count="6" type="stmt"/>
      </file>
      <file name="options.ts" path="D:\Ziad\lib\sigil\src\core\options.ts">
        <metrics statements="5" coveredstatements="5" conditionals="0" coveredconditionals="0" methods="1" coveredmethods="1"/>
        <line num="2" count="2" type="stmt"/>
        <line num="60" count="2" type="stmt"/>
        <line num="78" count="2" type="stmt"/>
        <line num="79" count="54" type="stmt"/>
        <line num="89" count="2" type="stmt"/>
      </file>
      <file name="registry.ts" path="D:\Ziad\lib\sigil\src\core\registry.ts">
        <metrics statements="29" coveredstatements="27" conditionals="26" coveredconditionals="16" methods="10" coveredmethods="9"/>
        <line num="1" count="2" type="stmt"/>
        <line num="17" count="2" type="stmt"/>
        <line num="28" count="2" type="stmt"/>
        <line num="29" count="2" type="cond" truecount="1" falsecount="1"/>
        <line num="30" count="2" type="stmt"/>
        <line num="32" count="2" type="stmt"/>
        <line num="38" count="2" type="stmt"/>
        <line num="39" count="2" type="stmt"/>
        <line num="62" count="2" type="stmt"/>
        <line num="70" count="0" type="cond" truecount="0" falsecount="2"/>
        <line num="80" count="12" type="cond" truecount="2" falsecount="0"/>
        <line num="90" count="7" type="cond" truecount="1" falsecount="1"/>
        <line num="91" count="7" type="stmt"/>
        <line num="112" count="20" type="cond" truecount="1" falsecount="1"/>
        <line num="114" count="20" type="cond" truecount="2" falsecount="0"/>
        <line num="115" count="1" type="cond" truecount="3" falsecount="1"/>
        <line num="118" count="1" type="stmt"/>
        <line num="122" count="0" type="stmt"/>
        <line num="125" count="19" type="stmt"/>
        <line num="135" count="1" type="cond" truecount="1" falsecount="1"/>
        <line num="136" count="1" type="stmt"/>
        <line num="146" count="22" type="cond" truecount="1" falsecount="1"/>
        <line num="147" count="22" type="stmt"/>
        <line num="168" count="2" type="stmt"/>
        <line num="169" count="2" type="cond" truecount="3" falsecount="1"/>
        <line num="170" count="2" type="stmt"/>
        <line num="171" count="2" type="stmt"/>
        <line num="180" count="5" type="cond" truecount="1" falsecount="1"/>
        <line num="190" count="2" type="stmt"/>
      </file>
      <file name="symbols.ts" path="D:\Ziad\lib\sigil\src\core\symbols.ts">
        <metrics statements="10" coveredstatements="10" conditionals="0" coveredconditionals="0" methods="0" coveredmethods="0"/>
        <line num="10" count="2" type="stmt"/>
        <line num="21" count="2" type="stmt"/>
        <line num="32" count="2" type="stmt"/>
        <line num="42" count="2" type="stmt"/>
        <line num="54" count="2" type="stmt"/>
        <line num="64" count="2" type="stmt"/>
        <line num="74" count="2" type="stmt"/>
        <line num="85" count="2" type="stmt"/>
        <line num="96" count="2" type="stmt"/>
        <line num="106" count="2" type="stmt"/>
      </file>
    </package>
  </project>
</coverage>
