{"D:\\Ziad\\lib\\sigil\\src\\index.ts": {"path":"D:\\Ziad\\lib\\sigil\\src\\index.ts","statementMap":{"0":{"start":{"line":1,"column":0},"end":{"line":1,"column":23}},"1":{"start":{"line":2,"column":0},"end":{"line":2,"column":24}}},"fnMap":{},"branchMap":{},"s":{"0":2,"1":2},"f":{},"b":{}}
,"D:\\Ziad\\lib\\sigil\\src\\core\\classes.ts": {"path":"D:\\Ziad\\lib\\sigil\\src\\core\\classes.ts","statementMap":{"0":{"start":{"line":1,"column":0},"end":{"line":1,"column":35}},"1":{"start":{"line":9,"column":13},"end":{"line":9,"column":49}},"2":{"start":{"line":18,"column":13},"end":{"line":18,"column":56}}},"fnMap":{},"branchMap":{},"s":{"0":2,"1":2,"2":2},"f":{},"b":{}}
,"D:\\Ziad\\lib\\sigil\\src\\core\\decorator.ts": {"path":"D:\\Ziad\\lib\\sigil\\src\\core\\decorator.ts","statementMap":{"0":{"start":{"line":35,"column":0},"end":{"line":35,"column":16}},"1":{"start":{"line":1,"column":0},"end":{"line":1,"column":null}},"2":{"start":{"line":38,"column":2},"end":{"line":41,"column":35}},"3":{"start":{"line":39,"column":4},"end":{"line":39,"column":29}},"4":{"start":{"line":40,"column":4},"end":{"line":40,"column":14}},"5":{"start":{"line":41,"column":9},"end":{"line":41,"column":35}},"6":{"start":{"line":43,"column":2},"end":{"line":54,"column":4}},"7":{"start":{"line":45,"column":4},"end":{"line":45,"column":41}},"8":{"start":{"line":45,"column":34},"end":{"line":45,"column":41}},"9":{"start":{"line":46,"column":4},"end":{"line":49,"column":8}},"10":{"start":{"line":47,"column":6},"end":{"line":49,"column":8}},"11":{"start":{"line":51,"column":4},"end":{"line":51,"column":27}},"12":{"start":{"line":53,"column":4},"end":{"line":53,"column":34}}},"fnMap":{"0":{"name":"WithSigil","decl":{"start":{"line":35,"column":16},"end":{"line":35,"column":25}},"loc":{"start":{"line":35,"column":74},"end":{"line":55,"column":1}}},"1":{"name":"(anonymous_1)","decl":{"start":{"line":43,"column":9},"end":{"line":43,"column":19}},"loc":{"start":{"line":43,"column":66},"end":{"line":54,"column":3}}}},"branchMap":{"0":{"loc":{"start":{"line":38,"column":2},"end":{"line":41,"column":35}},"type":"if","locations":[{"start":{"line":38,"column":2},"end":{"line":41,"column":35}},{"start":{"line":41,"column":9},"end":{"line":41,"column":35}}]},"1":{"loc":{"start":{"line":45,"column":4},"end":{"line":45,"column":41}},"type":"if","locations":[{"start":{"line":45,"column":4},"end":{"line":45,"column":41}},{"start":{},"end":{}}]},"2":{"loc":{"start":{"line":46,"column":4},"end":{"line":49,"column":8}},"type":"if","locations":[{"start":{"line":46,"column":4},"end":{"line":49,"column":8}},{"start":{},"end":{}}]}},"s":{"0":2,"1":2,"2":3,"3":2,"4":2,"5":1,"6":3,"7":3,"8":0,"9":3,"10":1,"11":2,"12":2},"f":{"0":3,"1":3},"b":{"0":[2,1],"1":[0,3],"2":[1,2]}}
,"D:\\Ziad\\lib\\sigil\\src\\core\\enhancers.ts": {"path":"D:\\Ziad\\lib\\sigil\\src\\core\\enhancers.ts","statementMap":{"0":{"start":{"line":29,"column":0},"end":{"line":29,"column":16}},"1":{"start":{"line":69,"column":0},"end":{"line":69,"column":16}},"2":{"start":{"line":110,"column":0},"end":{"line":110,"column":16}},"3":{"start":{"line":1,"column":0},"end":{"line":1,"column":null}},"4":{"start":{"line":8,"column":0},"end":{"line":8,"column":55}},"5":{"start":{"line":34,"column":2},"end":{"line":37,"column":6}},"6":{"start":{"line":35,"column":4},"end":{"line":37,"column":6}},"7":{"start":{"line":41,"column":2},"end":{"line":44,"column":35}},"8":{"start":{"line":42,"column":4},"end":{"line":42,"column":29}},"9":{"start":{"line":43,"column":4},"end":{"line":43,"column":14}},"10":{"start":{"line":44,"column":9},"end":{"line":44,"column":35}},"11":{"start":{"line":47,"column":15},"end":{"line":47,"column":20}},"12":{"start":{"line":48,"column":2},"end":{"line":48,"column":24}},"13":{"start":{"line":49,"column":2},"end":{"line":49,"column":31}},"14":{"start":{"line":51,"column":2},"end":{"line":51,"column":15}},"15":{"start":{"line":74,"column":2},"end":{"line":77,"column":6}},"16":{"start":{"line":75,"column":4},"end":{"line":77,"column":6}},"17":{"start":{"line":79,"column":2},"end":{"line":87,"column":3}},"18":{"start":{"line":80,"column":25},"end":{"line":80,"column":41}},"19":{"start":{"line":81,"column":4},"end":{"line":86,"column":5}},"20":{"start":{"line":83,"column":6},"end":{"line":85,"column":8}},"21":{"start":{"line":88,"column":2},"end":{"line":88,"column":46}},"22":{"start":{"line":115,"column":2},"end":{"line":118,"column":6}},"23":{"start":{"line":116,"column":4},"end":{"line":118,"column":6}},"24":{"start":{"line":122,"column":2},"end":{"line":125,"column":35}},"25":{"start":{"line":123,"column":4},"end":{"line":123,"column":29}},"26":{"start":{"line":124,"column":4},"end":{"line":124,"column":14}},"27":{"start":{"line":125,"column":9},"end":{"line":125,"column":35}},"28":{"start":{"line":128,"column":15},"end":{"line":128,"column":20}},"29":{"start":{"line":129,"column":2},"end":{"line":129,"column":24}},"30":{"start":{"line":130,"column":2},"end":{"line":130,"column":31}},"31":{"start":{"line":132,"column":2},"end":{"line":132,"column":35}}},"fnMap":{"0":{"name":"withSigil","decl":{"start":{"line":29,"column":16},"end":{"line":29,"column":25}},"loc":{"start":{"line":32,"column":21},"end":{"line":52,"column":1}}},"1":{"name":"typed","decl":{"start":{"line":69,"column":16},"end":{"line":69,"column":21}},"loc":{"start":{"line":72,"column":40},"end":{"line":89,"column":1}}},"2":{"name":"withSigilTyped","decl":{"start":{"line":110,"column":16},"end":{"line":110,"column":30}},"loc":{"start":{"line":113,"column":21},"end":{"line":133,"column":1}}}},"branchMap":{"0":{"loc":{"start":{"line":34,"column":2},"end":{"line":37,"column":6}},"type":"if","locations":[{"start":{"line":34,"column":2},"end":{"line":37,"column":6}},{"start":{},"end":{}}]},"1":{"loc":{"start":{"line":36,"column":84},"end":{"line":36,"column":108}},"type":"binary-expr","locations":[{"start":{"line":36,"column":84},"end":{"line":36,"column":95}},{"start":{"line":36,"column":99},"end":{"line":36,"column":108}}]},"2":{"loc":{"start":{"line":41,"column":2},"end":{"line":44,"column":35}},"type":"if","locations":[{"start":{"line":41,"column":2},"end":{"line":44,"column":35}},{"start":{"line":44,"column":9},"end":{"line":44,"column":35}}]},"3":{"loc":{"start":{"line":74,"column":2},"end":{"line":77,"column":6}},"type":"if","locations":[{"start":{"line":74,"column":2},"end":{"line":77,"column":6}},{"start":{},"end":{}}]},"4":{"loc":{"start":{"line":76,"column":79},"end":{"line":76,"column":103}},"type":"binary-expr","locations":[{"start":{"line":76,"column":79},"end":{"line":76,"column":90}},{"start":{"line":76,"column":94},"end":{"line":76,"column":103}}]},"5":{"loc":{"start":{"line":79,"column":2},"end":{"line":87,"column":3}},"type":"if","locations":[{"start":{"line":79,"column":2},"end":{"line":87,"column":3}},{"start":{},"end":{}}]},"6":{"loc":{"start":{"line":79,"column":6},"end":{"line":79,"column":53}},"type":"binary-expr","locations":[{"start":{"line":79,"column":7},"end":{"line":79,"column":22}},{"start":{"line":79,"column":26},"end":{"line":79,"column":43}},{"start":{"line":79,"column":48},"end":{"line":79,"column":53}}]},"7":{"loc":{"start":{"line":81,"column":4},"end":{"line":86,"column":5}},"type":"if","locations":[{"start":{"line":81,"column":4},"end":{"line":86,"column":5}},{"start":{},"end":{}}]},"8":{"loc":{"start":{"line":81,"column":8},"end":{"line":81,"column":46}},"type":"binary-expr","locations":[{"start":{"line":81,"column":8},"end":{"line":81,"column":20}},{"start":{"line":81,"column":24},"end":{"line":81,"column":46}}]},"9":{"loc":{"start":{"line":115,"column":2},"end":{"line":118,"column":6}},"type":"if","locations":[{"start":{"line":115,"column":2},"end":{"line":118,"column":6}},{"start":{},"end":{}}]},"10":{"loc":{"start":{"line":117,"column":88},"end":{"line":117,"column":112}},"type":"binary-expr","locations":[{"start":{"line":117,"column":88},"end":{"line":117,"column":99}},{"start":{"line":117,"column":103},"end":{"line":117,"column":112}}]},"11":{"loc":{"start":{"line":122,"column":2},"end":{"line":125,"column":35}},"type":"if","locations":[{"start":{"line":122,"column":2},"end":{"line":125,"column":35}},{"start":{"line":125,"column":9},"end":{"line":125,"column":35}}]}},"s":{"0":2,"1":2,"2":2,"3":2,"4":2,"5":13,"6":1,"7":12,"8":11,"9":11,"10":1,"11":12,"12":12,"13":12,"14":12,"15":1,"16":1,"17":0,"18":0,"19":0,"20":0,"21":0,"22":1,"23":1,"24":0,"25":0,"26":0,"27":0,"28":0,"29":0,"30":0,"31":0},"f":{"0":13,"1":1,"2":1},"b":{"0":[1,12],"1":[1,0],"2":[11,1],"3":[1,0],"4":[1,0],"5":[0,0],"6":[0,0,0],"7":[0,0],"8":[0,0],"9":[1,0],"10":[1,0],"11":[0,0]}}
,"D:\\Ziad\\lib\\sigil\\src\\core\\helpers.ts": {"path":"D:\\Ziad\\lib\\sigil\\src\\core\\helpers.ts","statementMap":{"0":{"start":{"line":39,"column":0},"end":{"line":39,"column":16}},"1":{"start":{"line":106,"column":0},"end":{"line":106,"column":16}},"2":{"start":{"line":173,"column":0},"end":{"line":173,"column":16}},"3":{"start":{"line":201,"column":0},"end":{"line":201,"column":16}},"4":{"start":{"line":221,"column":0},"end":{"line":221,"column":16}},"5":{"start":{"line":240,"column":0},"end":{"line":240,"column":16}},"6":{"start":{"line":258,"column":0},"end":{"line":258,"column":16}},"7":{"start":{"line":276,"column":0},"end":{"line":276,"column":16}},"8":{"start":{"line":294,"column":0},"end":{"line":294,"column":16}},"9":{"start":{"line":308,"column":0},"end":{"line":308,"column":16}},"10":{"start":{"line":322,"column":0},"end":{"line":322,"column":16}},"11":{"start":{"line":334,"column":0},"end":{"line":334,"column":16}},"12":{"start":{"line":349,"column":0},"end":{"line":349,"column":16}},"13":{"start":{"line":362,"column":0},"end":{"line":362,"column":16}},"14":{"start":{"line":379,"column":0},"end":{"line":379,"column":16}},"15":{"start":{"line":1,"column":0},"end":{"line":1,"column":55}},"16":{"start":{"line":2,"column":0},"end":{"line":2,"column":38}},"17":{"start":{"line":3,"column":0},"end":{"line":3,"column":null}},"18":{"start":{"line":41,"column":2},"end":{"line":44,"column":6}},"19":{"start":{"line":42,"column":4},"end":{"line":44,"column":6}},"20":{"start":{"line":47,"column":17},"end":{"line":47,"column":34}},"21":{"start":{"line":48,"column":2},"end":{"line":48,"column":43}},"22":{"start":{"line":51,"column":2},"end":{"line":56,"column":5}},"23":{"start":{"line":57,"column":2},"end":{"line":62,"column":5}},"24":{"start":{"line":65,"column":17},"end":{"line":65,"column":44}},"25":{"start":{"line":67,"column":4},"end":{"line":67,"column":70}},"26":{"start":{"line":68,"column":20},"end":{"line":68,"column":44}},"27":{"start":{"line":69,"column":2},"end":{"line":74,"column":5}},"28":{"start":{"line":75,"column":2},"end":{"line":80,"column":5}},"29":{"start":{"line":83,"column":2},"end":{"line":83,"column":22}},"30":{"start":{"line":113,"column":2},"end":{"line":113,"column":54}},"31":{"start":{"line":113,"column":47},"end":{"line":113,"column":54}},"32":{"start":{"line":114,"column":2},"end":{"line":114,"column":33}},"33":{"start":{"line":114,"column":26},"end":{"line":114,"column":33}},"34":{"start":{"line":115,"column":2},"end":{"line":119,"column":11}},"35":{"start":{"line":119,"column":4},"end":{"line":119,"column":11}},"36":{"start":{"line":122,"column":26},"end":{"line":122,"column":32}},"37":{"start":{"line":125,"column":22},"end":{"line":125,"column":49}},"38":{"start":{"line":126,"column":2},"end":{"line":129,"column":3}},"39":{"start":{"line":127,"column":4},"end":{"line":127,"column":25}},"40":{"start":{"line":128,"column":4},"end":{"line":128,"column":47}},"41":{"start":{"line":132,"column":21},"end":{"line":132,"column":46}},"42":{"start":{"line":135,"column":2},"end":{"line":154,"column":3}},"43":{"start":{"line":135,"column":15},"end":{"line":135,"column":31}},"44":{"start":{"line":136,"column":17},"end":{"line":136,"column":25}},"45":{"start":{"line":137,"column":4},"end":{"line":137,"column":24}},"46":{"start":{"line":137,"column":15},"end":{"line":137,"column":24}},"47":{"start":{"line":138,"column":16},"end":{"line":138,"column":31}},"48":{"start":{"line":139,"column":4},"end":{"line":152,"column":5}},"49":{"start":{"line":140,"column":6},"end":{"line":149,"column":7}},"50":{"start":{"line":144,"column":29},"end":{"line":144,"column":50}},"51":{"start":{"line":145,"column":8},"end":{"line":148,"column":10}},"52":{"start":{"line":150,"column":6},"end":{"line":150,"column":36}},"53":{"start":{"line":151,"column":6},"end":{"line":151,"column":32}},"54":{"start":{"line":153,"column":4},"end":{"line":153,"column":37}},"55":{"start":{"line":155,"column":2},"end":{"line":155,"column":31}},"56":{"start":{"line":177,"column":26},"end":{"line":177,"column":74}},"57":{"start":{"line":179,"column":2},"end":{"line":188,"column":3}},"58":{"start":{"line":181,"column":4},"end":{"line":182,"column":40}},"59":{"start":{"line":181,"column":43},"end":{"line":181,"column":79}},"60":{"start":{"line":182,"column":9},"end":{"line":182,"column":40}},"61":{"start":{"line":184,"column":4},"end":{"line":187,"column":8}},"62":{"start":{"line":185,"column":6},"end":{"line":187,"column":8}},"63":{"start":{"line":202,"column":14},"end":{"line":202,"column":42}},"64":{"start":{"line":203,"column":2},"end":{"line":203,"column":60}},"65":{"start":{"line":203,"column":30},"end":{"line":203,"column":60}},"66":{"start":{"line":204,"column":2},"end":{"line":204,"column":32}},"67":{"start":{"line":222,"column":2},"end":{"line":227,"column":5}},"68":{"start":{"line":241,"column":2},"end":{"line":246,"column":5}},"69":{"start":{"line":259,"column":2},"end":{"line":264,"column":5}},"70":{"start":{"line":277,"column":2},"end":{"line":282,"column":5}},"71":{"start":{"line":295,"column":2},"end":{"line":295,"column":75}},"72":{"start":{"line":309,"column":2},"end":{"line":309,"column":52}},"73":{"start":{"line":309,"column":39},"end":{"line":309,"column":52}},"74":{"start":{"line":310,"column":15},"end":{"line":310,"column":34}},"75":{"start":{"line":311,"column":2},"end":{"line":311,"column":27}},"76":{"start":{"line":323,"column":2},"end":{"line":323,"column":45}},"77":{"start":{"line":335,"column":2},"end":{"line":335,"column":52}},"78":{"start":{"line":335,"column":39},"end":{"line":335,"column":52}},"79":{"start":{"line":336,"column":15},"end":{"line":336,"column":34}},"80":{"start":{"line":337,"column":2},"end":{"line":337,"column":31}},"81":{"start":{"line":350,"column":2},"end":{"line":350,"column":44}},"82":{"start":{"line":363,"column":2},"end":{"line":363,"column":54}},"83":{"start":{"line":380,"column":2},"end":{"line":380,"column":51}},"84":{"start":{"line":380,"column":39},"end":{"line":380,"column":51}},"85":{"start":{"line":381,"column":2},"end":{"line":381,"column":76}},"86":{"start":{"line":393,"column":4},"end":{"line":393,"column":68}},"87":{"start":{"line":394,"column":15},"end":{"line":394,"column":17}},"88":{"start":{"line":396,"column":2},"end":{"line":398,"column":3}},"89":{"start":{"line":396,"column":15},"end":{"line":396,"column":16}},"90":{"start":{"line":397,"column":4},"end":{"line":397,"column":69}},"91":{"start":{"line":400,"column":2},"end":{"line":400,"column":16}}},"fnMap":{"0":{"name":"decorateCtor","decl":{"start":{"line":39,"column":16},"end":{"line":39,"column":28}},"loc":{"start":{"line":39,"column":58},"end":{"line":84,"column":1}}},"1":{"name":"checkInheritance","decl":{"start":{"line":106,"column":16},"end":{"line":106,"column":32}},"loc":{"start":{"line":111,"column":3},"end":{"line":156,"column":1}}},"2":{"name":"verifyLabel","decl":{"start":{"line":173,"column":16},"end":{"line":173,"column":27}},"loc":{"start":{"line":175,"column":46},"end":{"line":189,"column":1}}},"3":{"name":"generateRandomLabel","decl":{"start":{"line":201,"column":16},"end":{"line":201,"column":35}},"loc":{"start":{"line":201,"column":47},"end":{"line":205,"column":1}}},"4":{"name":"markSigil","decl":{"start":{"line":221,"column":16},"end":{"line":221,"column":25}},"loc":{"start":{"line":221,"column":40},"end":{"line":228,"column":1}}},"5":{"name":"markSigilBase","decl":{"start":{"line":240,"column":16},"end":{"line":240,"column":29}},"loc":{"start":{"line":240,"column":44},"end":{"line":247,"column":1}}},"6":{"name":"markDecorated","decl":{"start":{"line":258,"column":16},"end":{"line":258,"column":29}},"loc":{"start":{"line":258,"column":44},"end":{"line":265,"column":1}}},"7":{"name":"markInheritanceChecked","decl":{"start":{"line":276,"column":16},"end":{"line":276,"column":38}},"loc":{"start":{"line":276,"column":53},"end":{"line":283,"column":1}}},"8":{"name":"isSigilCtor","decl":{"start":{"line":294,"column":16},"end":{"line":294,"column":27}},"loc":{"start":{"line":294,"column":42},"end":{"line":296,"column":1}}},"9":{"name":"isSigilInstance","decl":{"start":{"line":308,"column":16},"end":{"line":308,"column":31}},"loc":{"start":{"line":308,"column":44},"end":{"line":312,"column":1}}},"10":{"name":"isSigilBaseCtor","decl":{"start":{"line":322,"column":16},"end":{"line":322,"column":31}},"loc":{"start":{"line":322,"column":46},"end":{"line":324,"column":1}}},"11":{"name":"isSigilBaseInstance","decl":{"start":{"line":334,"column":16},"end":{"line":334,"column":35}},"loc":{"start":{"line":334,"column":48},"end":{"line":338,"column":1}}},"12":{"name":"isDecorated","decl":{"start":{"line":349,"column":16},"end":{"line":349,"column":27}},"loc":{"start":{"line":349,"column":42},"end":{"line":351,"column":1}}},"13":{"name":"isInheritanceChecked","decl":{"start":{"line":362,"column":16},"end":{"line":362,"column":36}},"loc":{"start":{"line":362,"column":51},"end":{"line":364,"column":1}}},"14":{"name":"getConstructor","decl":{"start":{"line":379,"column":16},"end":{"line":379,"column":30}},"loc":{"start":{"line":379,"column":39},"end":{"line":382,"column":1}}},"15":{"name":"generateRandomString","decl":{"start":{"line":391,"column":9},"end":{"line":391,"column":29}},"loc":{"start":{"line":391,"column":41},"end":{"line":401,"column":1}}}},"branchMap":{"0":{"loc":{"start":{"line":41,"column":2},"end":{"line":44,"column":6}},"type":"if","locations":[{"start":{"line":41,"column":2},"end":{"line":44,"column":6}},{"start":{},"end":{}}]},"1":{"loc":{"start":{"line":67,"column":4},"end":{"line":67,"column":70}},"type":"cond-expr","locations":[{"start":{"line":67,"column":41},"end":{"line":67,"column":65}},{"start":{"line":67,"column":68},"end":{"line":67,"column":70}}]},"2":{"loc":{"start":{"line":67,"column":4},"end":{"line":67,"column":38}},"type":"binary-expr","locations":[{"start":{"line":67,"column":4},"end":{"line":67,"column":10}},{"start":{"line":67,"column":14},"end":{"line":67,"column":38}}]},"3":{"loc":{"start":{"line":113,"column":2},"end":{"line":113,"column":54}},"type":"if","locations":[{"start":{"line":113,"column":2},"end":{"line":113,"column":54}},{"start":{},"end":{}}]},"4":{"loc":{"start":{"line":113,"column":8},"end":{"line":113,"column":44}},"type":"binary-expr","locations":[{"start":{"line":113,"column":8},"end":{"line":113,"column":23}},{"start":{"line":113,"column":27},"end":{"line":113,"column":44}}]},"5":{"loc":{"start":{"line":114,"column":2},"end":{"line":114,"column":33}},"type":"if","locations":[{"start":{"line":114,"column":2},"end":{"line":114,"column":33}},{"start":{},"end":{}}]},"6":{"loc":{"start":{"line":115,"column":2},"end":{"line":119,"column":11}},"type":"if","locations":[{"start":{"line":115,"column":2},"end":{"line":119,"column":11}},{"start":{},"end":{}}]},"7":{"loc":{"start":{"line":116,"column":4},"end":{"line":117,"column":74}},"type":"binary-expr","locations":[{"start":{"line":116,"column":4},"end":{"line":116,"column":30}},{"start":{"line":117,"column":5},"end":{"line":117,"column":36}},{"start":{"line":117,"column":40},"end":{"line":117,"column":73}}]},"8":{"loc":{"start":{"line":137,"column":4},"end":{"line":137,"column":24}},"type":"if","locations":[{"start":{"line":137,"column":4},"end":{"line":137,"column":24}},{"start":{},"end":{}}]},"9":{"loc":{"start":{"line":139,"column":4},"end":{"line":152,"column":5}},"type":"if","locations":[{"start":{"line":139,"column":4},"end":{"line":152,"column":5}},{"start":{},"end":{}}]},"10":{"loc":{"start":{"line":140,"column":6},"end":{"line":149,"column":7}},"type":"if","locations":[{"start":{"line":140,"column":6},"end":{"line":149,"column":7}},{"start":{},"end":{}}]},"11":{"loc":{"start":{"line":141,"column":8},"end":{"line":142,"column":57}},"type":"binary-expr","locations":[{"start":{"line":141,"column":8},"end":{"line":141,"column":25}},{"start":{"line":142,"column":8},"end":{"line":142,"column":57}}]},"12":{"loc":{"start":{"line":142,"column":10},"end":{"line":142,"column":56}},"type":"binary-expr","locations":[{"start":{"line":142,"column":10},"end":{"line":142,"column":30}},{"start":{"line":142,"column":34},"end":{"line":142,"column":56}}]},"13":{"loc":{"start":{"line":177,"column":26},"end":{"line":177,"column":74}},"type":"binary-expr","locations":[{"start":{"line":177,"column":26},"end":{"line":177,"column":47}},{"start":{"line":177,"column":51},"end":{"line":177,"column":74}}]},"14":{"loc":{"start":{"line":179,"column":2},"end":{"line":188,"column":3}},"type":"if","locations":[{"start":{"line":179,"column":2},"end":{"line":188,"column":3}},{"start":{},"end":{}}]},"15":{"loc":{"start":{"line":181,"column":4},"end":{"line":182,"column":40}},"type":"if","locations":[{"start":{"line":181,"column":4},"end":{"line":182,"column":40}},{"start":{"line":182,"column":9},"end":{"line":182,"column":40}}]},"16":{"loc":{"start":{"line":184,"column":4},"end":{"line":187,"column":8}},"type":"if","locations":[{"start":{"line":184,"column":4},"end":{"line":187,"column":8}},{"start":{},"end":{}}]},"17":{"loc":{"start":{"line":201,"column":36},"end":{"line":201,"column":47}},"type":"default-arg","locations":[{"start":{"line":201,"column":45},"end":{"line":201,"column":47}}]},"18":{"loc":{"start":{"line":295,"column":9},"end":{"line":295,"column":74}},"type":"binary-expr","locations":[{"start":{"line":295,"column":9},"end":{"line":295,"column":36}},{"start":{"line":295,"column":41},"end":{"line":295,"column":74}}]},"19":{"loc":{"start":{"line":309,"column":2},"end":{"line":309,"column":52}},"type":"if","locations":[{"start":{"line":309,"column":2},"end":{"line":309,"column":52}},{"start":{},"end":{}}]},"20":{"loc":{"start":{"line":309,"column":6},"end":{"line":309,"column":37}},"type":"binary-expr","locations":[{"start":{"line":309,"column":6},"end":{"line":309,"column":10}},{"start":{"line":309,"column":14},"end":{"line":309,"column":37}}]},"21":{"loc":{"start":{"line":335,"column":2},"end":{"line":335,"column":52}},"type":"if","locations":[{"start":{"line":335,"column":2},"end":{"line":335,"column":52}},{"start":{},"end":{}}]},"22":{"loc":{"start":{"line":335,"column":6},"end":{"line":335,"column":37}},"type":"binary-expr","locations":[{"start":{"line":335,"column":6},"end":{"line":335,"column":10}},{"start":{"line":335,"column":14},"end":{"line":335,"column":37}}]},"23":{"loc":{"start":{"line":380,"column":2},"end":{"line":380,"column":51}},"type":"if","locations":[{"start":{"line":380,"column":2},"end":{"line":380,"column":51}},{"start":{},"end":{}}]},"24":{"loc":{"start":{"line":380,"column":6},"end":{"line":380,"column":37}},"type":"binary-expr","locations":[{"start":{"line":380,"column":6},"end":{"line":380,"column":10}},{"start":{"line":380,"column":14},"end":{"line":380,"column":37}}]},"25":{"loc":{"start":{"line":381,"column":9},"end":{"line":381,"column":75}},"type":"binary-expr","locations":[{"start":{"line":381,"column":9},"end":{"line":381,"column":24}},{"start":{"line":381,"column":28},"end":{"line":381,"column":67}},{"start":{"line":381,"column":71},"end":{"line":381,"column":75}}]},"26":{"loc":{"start":{"line":391,"column":30},"end":{"line":391,"column":41}},"type":"default-arg","locations":[{"start":{"line":391,"column":39},"end":{"line":391,"column":41}}]}},"s":{"0":2,"1":2,"2":2,"3":2,"4":2,"5":2,"6":2,"7":2,"8":2,"9":2,"10":2,"11":2,"12":2,"13":2,"14":2,"15":2,"16":2,"17":2,"18":20,"19":0,"20":20,"21":20,"22":20,"23":20,"24":20,"25":20,"26":20,"27":20,"28":20,"29":20,"30":20,"31":0,"32":20,"33":0,"34":20,"35":5,"36":15,"37":15,"38":15,"39":15,"40":15,"41":15,"42":15,"43":15,"44":30,"45":30,"46":0,"47":30,"48":30,"49":0,"50":0,"51":0,"52":0,"53":0,"54":30,"55":15,"56":19,"57":19,"58":0,"59":0,"60":0,"61":0,"62":0,"63":2,"64":2,"65":0,"66":2,"67":6,"68":6,"69":20,"70":15,"71":84,"72":8,"73":0,"74":8,"75":8,"76":0,"77":0,"78":0,"79":0,"80":0,"81":20,"82":20,"83":26,"84":0,"85":26,"86":2,"87":2,"88":2,"89":2,"90":32,"91":2},"f":{"0":20,"1":20,"2":19,"3":2,"4":6,"5":6,"6":20,"7":15,"8":84,"9":8,"10":0,"11":0,"12":20,"13":20,"14":26,"15":2},"b":{"0":[0,20],"1":[14,6],"2":[20,20],"3":[0,20],"4":[20,20],"5":[0,20],"6":[5,15],"7":[20,15,15],"8":[0,30],"9":[0,30],"10":[0,0],"11":[0,0],"12":[0,0],"13":[19,19],"14":[0,19],"15":[0,0],"16":[0,0],"17":[2],"18":[84,84],"19":[0,8],"20":[8,8],"21":[0,0],"22":[0,0],"23":[0,26],"24":[26,26],"25":[26,0,0],"26":[0]}}
,"D:\\Ziad\\lib\\sigil\\src\\core\\index.ts": {"path":"D:\\Ziad\\lib\\sigil\\src\\core\\index.ts","statementMap":{"0":{"start":{"line":1,"column":0},"end":{"line":1,"column":9}},"1":{"start":{"line":1,"column":9},"end":{"line":1,"column":16}},"2":{"start":{"line":1,"column":16},"end":{"line":1,"column":46}},"3":{"start":{"line":2,"column":0},"end":{"line":2,"column":9}},"4":{"start":{"line":2,"column":9},"end":{"line":2,"column":40}},"5":{"start":{"line":3,"column":0},"end":{"line":3,"column":9}},"6":{"start":{"line":3,"column":9},"end":{"line":3,"column":16}},"7":{"start":{"line":3,"column":16},"end":{"line":3,"column":27}},"8":{"start":{"line":3,"column":27},"end":{"line":3,"column":63}},"9":{"start":{"line":4,"column":0},"end":{"line":4,"column":null}},"10":{"start":{"line":5,"column":2},"end":{"line":5,"column":null}},"11":{"start":{"line":6,"column":2},"end":{"line":6,"column":null}},"12":{"start":{"line":7,"column":2},"end":{"line":7,"column":null}},"13":{"start":{"line":8,"column":2},"end":{"line":8,"column":null}},"14":{"start":{"line":9,"column":2},"end":{"line":9,"column":null}},"15":{"start":{"line":10,"column":2},"end":{"line":10,"column":null}},"16":{"start":{"line":12,"column":0},"end":{"line":12,"column":9}},"17":{"start":{"line":12,"column":9},"end":{"line":12,"column":35}},"18":{"start":{"line":13,"column":0},"end":{"line":13,"column":null}},"19":{"start":{"line":14,"column":2},"end":{"line":14,"column":null}},"20":{"start":{"line":16,"column":2},"end":{"line":16,"column":null}},"21":{"start":{"line":18,"column":0},"end":{"line":18,"column":9}},"22":{"start":{"line":18,"column":9},"end":{"line":18,"column":38}}},"fnMap":{"0":{"name":"(anonymous_0)","decl":{"start":{"line":1,"column":9},"end":{"line":1,"column":14}},"loc":{"start":{"line":1,"column":9},"end":{"line":1,"column":16}}},"1":{"name":"(anonymous_1)","decl":{"start":{"line":1,"column":16},"end":{"line":1,"column":26}},"loc":{"start":{"line":1,"column":16},"end":{"line":1,"column":46}}},"2":{"name":"(anonymous_2)","decl":{"start":{"line":2,"column":9},"end":{"line":2,"column":18}},"loc":{"start":{"line":2,"column":9},"end":{"line":2,"column":40}}},"3":{"name":"(anonymous_3)","decl":{"start":{"line":3,"column":9},"end":{"line":3,"column":14}},"loc":{"start":{"line":3,"column":9},"end":{"line":3,"column":16}}},"4":{"name":"(anonymous_4)","decl":{"start":{"line":3,"column":16},"end":{"line":3,"column":25}},"loc":{"start":{"line":3,"column":16},"end":{"line":3,"column":27}}},"5":{"name":"(anonymous_5)","decl":{"start":{"line":3,"column":27},"end":{"line":3,"column":41}},"loc":{"start":{"line":3,"column":27},"end":{"line":3,"column":63}}},"6":{"name":"(anonymous_6)","decl":{"start":{"line":5,"column":2},"end":{"line":5,"column":13}},"loc":{"start":{"line":5,"column":2},"end":{"line":5,"column":null}}},"7":{"name":"(anonymous_7)","decl":{"start":{"line":6,"column":2},"end":{"line":6,"column":22}},"loc":{"start":{"line":6,"column":2},"end":{"line":6,"column":null}}},"8":{"name":"(anonymous_8)","decl":{"start":{"line":7,"column":2},"end":{"line":7,"column":17}},"loc":{"start":{"line":7,"column":2},"end":{"line":7,"column":null}}},"9":{"name":"(anonymous_9)","decl":{"start":{"line":8,"column":2},"end":{"line":8,"column":21}},"loc":{"start":{"line":8,"column":2},"end":{"line":8,"column":null}}},"10":{"name":"(anonymous_10)","decl":{"start":{"line":9,"column":2},"end":{"line":9,"column":13}},"loc":{"start":{"line":9,"column":2},"end":{"line":9,"column":null}}},"11":{"name":"(anonymous_11)","decl":{"start":{"line":10,"column":2},"end":{"line":10,"column":17}},"loc":{"start":{"line":10,"column":2},"end":{"line":10,"column":null}}},"12":{"name":"(anonymous_12)","decl":{"start":{"line":12,"column":9},"end":{"line":12,"column":17}},"loc":{"start":{"line":12,"column":9},"end":{"line":12,"column":35}}},"13":{"name":"(anonymous_13)","decl":{"start":{"line":14,"column":2},"end":{"line":14,"column":15}},"loc":{"start":{"line":14,"column":2},"end":{"line":14,"column":null}}},"14":{"name":"(anonymous_14)","decl":{"start":{"line":16,"column":2},"end":{"line":16,"column":21}},"loc":{"start":{"line":16,"column":2},"end":{"line":16,"column":null}}},"15":{"name":"(anonymous_15)","decl":{"start":{"line":18,"column":9},"end":{"line":18,"column":17}},"loc":{"start":{"line":18,"column":9},"end":{"line":18,"column":38}}}},"branchMap":{},"s":{"0":2,"1":15,"2":2,"3":2,"4":5,"5":2,"6":3,"7":15,"8":3,"9":2,"10":2,"11":2,"12":2,"13":2,"14":3,"15":4,"16":2,"17":5,"18":2,"19":20,"20":2,"21":2,"22":49},"f":{"0":13,"1":0,"2":3,"3":1,"4":13,"5":1,"6":0,"7":0,"8":0,"9":0,"10":1,"11":2,"12":3,"13":18,"14":0,"15":47},"b":{}}
,"D:\\Ziad\\lib\\sigil\\src\\core\\mixin.ts": {"path":"D:\\Ziad\\lib\\sigil\\src\\core\\mixin.ts","statementMap":{"0":{"start":{"line":35,"column":0},"end":{"line":35,"column":16}},"1":{"start":{"line":1,"column":0},"end":{"line":1,"column":null}},"2":{"start":{"line":12,"column":0},"end":{"line":12,"column":55}},"3":{"start":{"line":13,"column":0},"end":{"line":13,"column":80}},"4":{"start":{"line":41,"column":2},"end":{"line":42,"column":77}},"5":{"start":{"line":42,"column":4},"end":{"line":42,"column":77}},"6":{"start":{"line":46,"column":2},"end":{"line":49,"column":35}},"7":{"start":{"line":47,"column":4},"end":{"line":47,"column":29}},"8":{"start":{"line":48,"column":4},"end":{"line":48,"column":14}},"9":{"start":{"line":49,"column":9},"end":{"line":49,"column":35}},"10":{"start":{"line":59,"column":6},"end":{"line":59,"column":38}},"11":{"start":{"line":69,"column":6},"end":{"line":69,"column":37}},"12":{"start":{"line":80,"column":6},"end":{"line":80,"column":58}},"13":{"start":{"line":91,"column":31},"end":{"line":91,"column":40}},"14":{"start":{"line":92,"column":6},"end":{"line":92,"column":62}},"15":{"start":{"line":92,"column":51},"end":{"line":92,"column":62}},"16":{"start":{"line":93,"column":6},"end":{"line":93,"column":17}},"17":{"start":{"line":99,"column":6},"end":{"line":99,"column":21}},"18":{"start":{"line":102,"column":6},"end":{"line":103,"column":58}},"19":{"start":{"line":103,"column":8},"end":{"line":103,"column":58}},"20":{"start":{"line":106,"column":19},"end":{"line":106,"column":39}},"21":{"start":{"line":107,"column":6},"end":{"line":113,"column":7}},"22":{"start":{"line":108,"column":8},"end":{"line":111,"column":12}},"23":{"start":{"line":109,"column":10},"end":{"line":111,"column":12}},"24":{"start":{"line":112,"column":8},"end":{"line":112,"column":15}},"25":{"start":{"line":116,"column":6},"end":{"line":116,"column":29}},"26":{"start":{"line":126,"column":6},"end":{"line":126,"column":34}},"27":{"start":{"line":148,"column":6},"end":{"line":148,"column":48}},"28":{"start":{"line":148,"column":35},"end":{"line":148,"column":48}},"29":{"start":{"line":150,"column":24},"end":{"line":150,"column":45}},"30":{"start":{"line":151,"column":6},"end":{"line":151,"column":35}},"31":{"start":{"line":151,"column":22},"end":{"line":151,"column":35}},"32":{"start":{"line":152,"column":23},"end":{"line":152,"column":73}},"33":{"start":{"line":153,"column":6},"end":{"line":153,"column":56}},"34":{"start":{"line":172,"column":6},"end":{"line":172,"column":48}},"35":{"start":{"line":172,"column":35},"end":{"line":172,"column":48}},"36":{"start":{"line":174,"column":24},"end":{"line":174,"column":45}},"37":{"start":{"line":175,"column":6},"end":{"line":175,"column":35}},"38":{"start":{"line":175,"column":22},"end":{"line":175,"column":35}},"39":{"start":{"line":176,"column":27},"end":{"line":176,"column":75}},"40":{"start":{"line":177,"column":27},"end":{"line":177,"column":78}},"41":{"start":{"line":178,"column":6},"end":{"line":180,"column":8}},"42":{"start":{"line":179,"column":54},"end":{"line":179,"column":75}},"43":{"start":{"line":189,"column":19},"end":{"line":189,"column":39}},"44":{"start":{"line":190,"column":6},"end":{"line":196,"column":7}},"45":{"start":{"line":191,"column":8},"end":{"line":194,"column":12}},"46":{"start":{"line":192,"column":10},"end":{"line":194,"column":12}},"47":{"start":{"line":195,"column":8},"end":{"line":195,"column":32}},"48":{"start":{"line":197,"column":6},"end":{"line":197,"column":29}},"49":{"start":{"line":206,"column":19},"end":{"line":206,"column":39}},"50":{"start":{"line":207,"column":6},"end":{"line":213,"column":7}},"51":{"start":{"line":208,"column":8},"end":{"line":211,"column":12}},"52":{"start":{"line":209,"column":10},"end":{"line":211,"column":12}},"53":{"start":{"line":212,"column":8},"end":{"line":212,"column":44}},"54":{"start":{"line":214,"column":6},"end":{"line":214,"column":28}},"55":{"start":{"line":223,"column":19},"end":{"line":223,"column":39}},"56":{"start":{"line":224,"column":6},"end":{"line":230,"column":7}},"57":{"start":{"line":225,"column":8},"end":{"line":228,"column":12}},"58":{"start":{"line":226,"column":10},"end":{"line":228,"column":12}},"59":{"start":{"line":229,"column":8},"end":{"line":229,"column":46}},"60":{"start":{"line":231,"column":6},"end":{"line":231,"column":35}},"61":{"start":{"line":240,"column":19},"end":{"line":240,"column":39}},"62":{"start":{"line":241,"column":6},"end":{"line":247,"column":7}},"63":{"start":{"line":242,"column":8},"end":{"line":245,"column":12}},"64":{"start":{"line":243,"column":10},"end":{"line":245,"column":12}},"65":{"start":{"line":246,"column":8},"end":{"line":246,"column":55}},"66":{"start":{"line":248,"column":6},"end":{"line":248,"column":31}},"67":{"start":{"line":253,"column":2},"end":{"line":253,"column":30}},"68":{"start":{"line":256,"column":2},"end":{"line":256,"column":24}},"69":{"start":{"line":257,"column":2},"end":{"line":257,"column":28}},"70":{"start":{"line":259,"column":2},"end":{"line":259,"column":20}}},"fnMap":{"0":{"name":"Sigilify","decl":{"start":{"line":35,"column":16},"end":{"line":35,"column":24}},"loc":{"start":{"line":38,"column":21},"end":{"line":260,"column":1}}},"1":{"name":"(anonymous_1)","decl":{"start":{"line":58,"column":4},"end":{"line":58,"column":10}},"loc":{"start":{"line":58,"column":25},"end":{"line":60,"column":5}}},"2":{"name":"(anonymous_2)","decl":{"start":{"line":68,"column":4},"end":{"line":68,"column":10}},"loc":{"start":{"line":68,"column":24},"end":{"line":70,"column":5}}},"3":{"name":"(anonymous_3)","decl":{"start":{"line":79,"column":4},"end":{"line":79,"column":10}},"loc":{"start":{"line":79,"column":31},"end":{"line":81,"column":5}}},"4":{"name":"(anonymous_4)","decl":{"start":{"line":90,"column":4},"end":{"line":90,"column":10}},"loc":{"start":{"line":90,"column":27},"end":{"line":94,"column":5}}},"5":{"name":"(anonymous_5)","decl":{"start":{"line":98,"column":4},"end":{"line":98,"column":16}},"loc":{"start":{"line":98,"column":30},"end":{"line":117,"column":5}}},"6":{"name":"(anonymous_6)","decl":{"start":{"line":125,"column":4},"end":{"line":125,"column":10}},"loc":{"start":{"line":125,"column":36},"end":{"line":127,"column":5}}},"7":{"name":"(anonymous_7)","decl":{"start":{"line":144,"column":4},"end":{"line":144,"column":10}},"loc":{"start":{"line":146,"column":20},"end":{"line":154,"column":5}}},"8":{"name":"(anonymous_8)","decl":{"start":{"line":168,"column":4},"end":{"line":168,"column":10}},"loc":{"start":{"line":170,"column":20},"end":{"line":181,"column":5}}},"9":{"name":"(anonymous_9)","decl":{"start":{"line":179,"column":44},"end":{"line":179,"column":45}},"loc":{"start":{"line":179,"column":54},"end":{"line":179,"column":75}}},"10":{"name":"(anonymous_10)","decl":{"start":{"line":188,"column":4},"end":{"line":188,"column":17}},"loc":{"start":{"line":188,"column":17},"end":{"line":198,"column":5}}},"11":{"name":"(anonymous_11)","decl":{"start":{"line":205,"column":4},"end":{"line":205,"column":16}},"loc":{"start":{"line":205,"column":16},"end":{"line":215,"column":5}}},"12":{"name":"(anonymous_12)","decl":{"start":{"line":222,"column":4},"end":{"line":222,"column":23}},"loc":{"start":{"line":222,"column":23},"end":{"line":232,"column":5}}},"13":{"name":"(anonymous_13)","decl":{"start":{"line":239,"column":4},"end":{"line":239,"column":19}},"loc":{"start":{"line":239,"column":19},"end":{"line":249,"column":5}}}},"branchMap":{"0":{"loc":{"start":{"line":41,"column":2},"end":{"line":42,"column":77}},"type":"if","locations":[{"start":{"line":41,"column":2},"end":{"line":42,"column":77}},{"start":{},"end":{}}]},"1":{"loc":{"start":{"line":46,"column":2},"end":{"line":49,"column":35}},"type":"if","locations":[{"start":{"line":46,"column":2},"end":{"line":49,"column":35}},{"start":{"line":49,"column":9},"end":{"line":49,"column":35}}]},"2":{"loc":{"start":{"line":80,"column":19},"end":{"line":80,"column":55}},"type":"binary-expr","locations":[{"start":{"line":80,"column":19},"end":{"line":80,"column":49}},{"start":{"line":80,"column":53},"end":{"line":80,"column":55}}]},"3":{"loc":{"start":{"line":102,"column":6},"end":{"line":103,"column":58}},"type":"if","locations":[{"start":{"line":102,"column":6},"end":{"line":103,"column":58}},{"start":{},"end":{}}]},"4":{"loc":{"start":{"line":107,"column":6},"end":{"line":113,"column":7}},"type":"if","locations":[{"start":{"line":107,"column":6},"end":{"line":113,"column":7}},{"start":{},"end":{}}]},"5":{"loc":{"start":{"line":108,"column":8},"end":{"line":111,"column":12}},"type":"if","locations":[{"start":{"line":108,"column":8},"end":{"line":111,"column":12}},{"start":{},"end":{}}]},"6":{"loc":{"start":{"line":108,"column":12},"end":{"line":108,"column":48}},"type":"binary-expr","locations":[{"start":{"line":108,"column":12},"end":{"line":108,"column":27}},{"start":{"line":108,"column":31},"end":{"line":108,"column":48}}]},"7":{"loc":{"start":{"line":148,"column":6},"end":{"line":148,"column":48}},"type":"if","locations":[{"start":{"line":148,"column":6},"end":{"line":148,"column":48}},{"start":{},"end":{}}]},"8":{"loc":{"start":{"line":151,"column":6},"end":{"line":151,"column":35}},"type":"if","locations":[{"start":{"line":151,"column":6},"end":{"line":151,"column":35}},{"start":{},"end":{}}]},"9":{"loc":{"start":{"line":153,"column":13},"end":{"line":153,"column":55}},"type":"binary-expr","locations":[{"start":{"line":153,"column":13},"end":{"line":153,"column":23}},{"start":{"line":153,"column":27},"end":{"line":153,"column":55}}]},"10":{"loc":{"start":{"line":172,"column":6},"end":{"line":172,"column":48}},"type":"if","locations":[{"start":{"line":172,"column":6},"end":{"line":172,"column":48}},{"start":{},"end":{}}]},"11":{"loc":{"start":{"line":175,"column":6},"end":{"line":175,"column":35}},"type":"if","locations":[{"start":{"line":175,"column":6},"end":{"line":175,"column":35}},{"start":{},"end":{}}]},"12":{"loc":{"start":{"line":179,"column":8},"end":{"line":179,"column":76}},"type":"binary-expr","locations":[{"start":{"line":179,"column":8},"end":{"line":179,"column":22}},{"start":{"line":179,"column":26},"end":{"line":179,"column":76}}]},"13":{"loc":{"start":{"line":190,"column":6},"end":{"line":196,"column":7}},"type":"if","locations":[{"start":{"line":190,"column":6},"end":{"line":196,"column":7}},{"start":{},"end":{}}]},"14":{"loc":{"start":{"line":191,"column":8},"end":{"line":194,"column":12}},"type":"if","locations":[{"start":{"line":191,"column":8},"end":{"line":194,"column":12}},{"start":{},"end":{}}]},"15":{"loc":{"start":{"line":191,"column":12},"end":{"line":191,"column":48}},"type":"binary-expr","locations":[{"start":{"line":191,"column":12},"end":{"line":191,"column":27}},{"start":{"line":191,"column":31},"end":{"line":191,"column":48}}]},"16":{"loc":{"start":{"line":207,"column":6},"end":{"line":213,"column":7}},"type":"if","locations":[{"start":{"line":207,"column":6},"end":{"line":213,"column":7}},{"start":{},"end":{}}]},"17":{"loc":{"start":{"line":208,"column":8},"end":{"line":211,"column":12}},"type":"if","locations":[{"start":{"line":208,"column":8},"end":{"line":211,"column":12}},{"start":{},"end":{}}]},"18":{"loc":{"start":{"line":208,"column":12},"end":{"line":208,"column":48}},"type":"binary-expr","locations":[{"start":{"line":208,"column":12},"end":{"line":208,"column":27}},{"start":{"line":208,"column":31},"end":{"line":208,"column":48}}]},"19":{"loc":{"start":{"line":224,"column":6},"end":{"line":230,"column":7}},"type":"if","locations":[{"start":{"line":224,"column":6},"end":{"line":230,"column":7}},{"start":{},"end":{}}]},"20":{"loc":{"start":{"line":225,"column":8},"end":{"line":228,"column":12}},"type":"if","locations":[{"start":{"line":225,"column":8},"end":{"line":228,"column":12}},{"start":{},"end":{}}]},"21":{"loc":{"start":{"line":225,"column":12},"end":{"line":225,"column":48}},"type":"binary-expr","locations":[{"start":{"line":225,"column":12},"end":{"line":225,"column":27}},{"start":{"line":225,"column":31},"end":{"line":225,"column":48}}]},"22":{"loc":{"start":{"line":241,"column":6},"end":{"line":247,"column":7}},"type":"if","locations":[{"start":{"line":241,"column":6},"end":{"line":247,"column":7}},{"start":{},"end":{}}]},"23":{"loc":{"start":{"line":242,"column":8},"end":{"line":245,"column":12}},"type":"if","locations":[{"start":{"line":242,"column":8},"end":{"line":245,"column":12}},{"start":{},"end":{}}]},"24":{"loc":{"start":{"line":242,"column":12},"end":{"line":242,"column":48}},"type":"binary-expr","locations":[{"start":{"line":242,"column":12},"end":{"line":242,"column":27}},{"start":{"line":242,"column":31},"end":{"line":242,"column":48}}]}},"s":{"0":2,"1":2,"2":2,"3":2,"4":7,"5":1,"6":6,"7":6,"8":6,"9":0,"10":40,"11":13,"12":0,"13":1,"14":1,"15":3,"16":1,"17":6,"18":6,"19":0,"20":6,"21":6,"22":0,"23":0,"24":0,"25":6,"26":2,"27":2,"28":0,"29":2,"30":2,"31":0,"32":2,"33":2,"34":2,"35":0,"36":2,"37":2,"38":0,"39":2,"40":2,"41":2,"42":5,"43":4,"44":4,"45":0,"46":0,"47":0,"48":4,"49":3,"50":3,"51":0,"52":0,"53":0,"54":3,"55":0,"56":0,"57":0,"58":0,"59":0,"60":0,"61":1,"62":1,"63":0,"64":0,"65":0,"66":1,"67":6,"68":6,"69":6,"70":6},"f":{"0":7,"1":40,"2":13,"3":0,"4":1,"5":6,"6":2,"7":2,"8":2,"9":5,"10":4,"11":3,"12":0,"13":1},"b":{"0":[1,6],"1":[6,0],"2":[0,0],"3":[0,6],"4":[0,6],"5":[0,0],"6":[0,0],"7":[0,2],"8":[0,2],"9":[2,2],"10":[0,2],"11":[0,2],"12":[2,2],"13":[0,4],"14":[0,0],"15":[0,0],"16":[0,3],"17":[0,0],"18":[0,0],"19":[0,0],"20":[0,0],"21":[0,0],"22":[0,1],"23":[0,0],"24":[0,0]}}
,"D:\\Ziad\\lib\\sigil\\src\\core\\options.ts": {"path":"D:\\Ziad\\lib\\sigil\\src\\core\\options.ts","statementMap":{"0":{"start":{"line":2,"column":12},"end":{"line":2,"column":49}},"1":{"start":{"line":60,"column":13},"end":{"line":65,"column":2}},"2":{"start":{"line":78,"column":29},"end":{"line":80,"column":1}},"3":{"start":{"line":79,"column":2},"end":{"line":79,"column":69}},"4":{"start":{"line":79,"column":46},"end":{"line":79,"column":69}},"5":{"start":{"line":78,"column":13},"end":{"line":78,"column":29}},"6":{"start":{"line":89,"column":13},"end":{"line":89,"column":79}}},"fnMap":{"0":{"name":"(anonymous_0)","decl":{"start":{"line":78,"column":29},"end":{"line":78,"column":30}},"loc":{"start":{"line":78,"column":58},"end":{"line":80,"column":1}}}},"branchMap":{},"s":{"0":2,"1":2,"2":2,"3":18,"4":54,"5":2,"6":2},"f":{"0":18},"b":{}}
,"D:\\Ziad\\lib\\sigil\\src\\core\\registry.ts": {"path":"D:\\Ziad\\lib\\sigil\\src\\core\\registry.ts","statementMap":{"0":{"start":{"line":1,"column":0},"end":{"line":1,"column":55}},"1":{"start":{"line":17,"column":27},"end":{"line":17,"column":66}},"2":{"start":{"line":28,"column":26},"end":{"line":33,"column":1}},"3":{"start":{"line":29,"column":2},"end":{"line":31,"column":3}},"4":{"start":{"line":30,"column":5},"end":{"line":30,"column":72}},"5":{"start":{"line":32,"column":2},"end":{"line":32,"column":72}},"6":{"start":{"line":38,"column":29},"end":{"line":40,"column":1}},"7":{"start":{"line":39,"column":3},"end":{"line":39,"column":48}},"8":{"start":{"line":62,"column":50},"end":{"line":62,"column":69}},"9":{"start":{"line":70,"column":4},"end":{"line":70,"column":67}},"10":{"start":{"line":80,"column":4},"end":{"line":80,"column":57}},"11":{"start":{"line":90,"column":4},"end":{"line":90,"column":32}},"12":{"start":{"line":90,"column":25},"end":{"line":90,"column":32}},"13":{"start":{"line":91,"column":4},"end":{"line":91,"column":37}},"14":{"start":{"line":112,"column":4},"end":{"line":112,"column":32}},"15":{"start":{"line":112,"column":25},"end":{"line":112,"column":32}},"16":{"start":{"line":114,"column":4},"end":{"line":125,"column":44}},"17":{"start":{"line":115,"column":6},"end":{"line":124,"column":10}},"18":{"start":{"line":118,"column":8},"end":{"line":120,"column":10}},"19":{"start":{"line":122,"column":8},"end":{"line":124,"column":10}},"20":{"start":{"line":125,"column":11},"end":{"line":125,"column":44}},"21":{"start":{"line":135,"column":4},"end":{"line":135,"column":38}},"22":{"start":{"line":135,"column":25},"end":{"line":135,"column":38}},"23":{"start":{"line":136,"column":4},"end":{"line":136,"column":40}},"24":{"start":{"line":146,"column":4},"end":{"line":146,"column":32}},"25":{"start":{"line":146,"column":25},"end":{"line":146,"column":32}},"26":{"start":{"line":147,"column":4},"end":{"line":147,"column":27}},"27":{"start":{"line":168,"column":16},"end":{"line":168,"column":30}},"28":{"start":{"line":169,"column":4},"end":{"line":169,"column":76}},"29":{"start":{"line":169,"column":28},"end":{"line":169,"column":76}},"30":{"start":{"line":169,"column":54},"end":{"line":169,"column":76}},"31":{"start":{"line":170,"column":4},"end":{"line":170,"column":38}},"32":{"start":{"line":171,"column":4},"end":{"line":171,"column":33}},"33":{"start":{"line":180,"column":4},"end":{"line":180,"column":52}},"34":{"start":{"line":190,"column":13},"end":{"line":190,"column":39}}},"fnMap":{"0":{"name":"(anonymous_0)","decl":{"start":{"line":28,"column":26},"end":{"line":28,"column":50}},"loc":{"start":{"line":28,"column":52},"end":{"line":33,"column":1}}},"1":{"name":"(anonymous_1)","decl":{"start":{"line":38,"column":29},"end":{"line":38,"column":30}},"loc":{"start":{"line":38,"column":71},"end":{"line":40,"column":1}}},"2":{"name":"(anonymous_2)","decl":{"start":{"line":69,"column":2},"end":{"line":69,"column":12}},"loc":{"start":{"line":69,"column":12},"end":{"line":71,"column":3}}},"3":{"name":"(anonymous_3)","decl":{"start":{"line":79,"column":2},"end":{"line":79,"column":5}},"loc":{"start":{"line":79,"column":19},"end":{"line":81,"column":3}}},"4":{"name":"(anonymous_4)","decl":{"start":{"line":89,"column":2},"end":{"line":89,"column":5}},"loc":{"start":{"line":89,"column":19},"end":{"line":92,"column":3}}},"5":{"name":"(anonymous_5)","decl":{"start":{"line":107,"column":2},"end":{"line":107,"column":10}},"loc":{"start":{"line":110,"column":42},"end":{"line":126,"column":3}}},"6":{"name":"(anonymous_6)","decl":{"start":{"line":134,"column":2},"end":{"line":134,"column":12}},"loc":{"start":{"line":134,"column":26},"end":{"line":137,"column":3}}},"7":{"name":"(anonymous_7)","decl":{"start":{"line":145,"column":2},"end":{"line":145,"column":7}},"loc":{"start":{"line":145,"column":7},"end":{"line":148,"column":3}}},"8":{"name":"(anonymous_8)","decl":{"start":{"line":167,"column":2},"end":{"line":167,"column":17}},"loc":{"start":{"line":167,"column":57},"end":{"line":172,"column":3}}},"9":{"name":"(anonymous_9)","decl":{"start":{"line":179,"column":2},"end":{"line":179,"column":6}},"loc":{"start":{"line":179,"column":10},"end":{"line":181,"column":3}}}},"branchMap":{"0":{"loc":{"start":{"line":29,"column":2},"end":{"line":31,"column":3}},"type":"if","locations":[{"start":{"line":29,"column":2},"end":{"line":31,"column":3}},{"start":{},"end":{}}]},"1":{"loc":{"start":{"line":70,"column":11},"end":{"line":70,"column":66}},"type":"cond-expr","locations":[{"start":{"line":70,"column":28},"end":{"line":70,"column":61}},{"start":{"line":70,"column":64},"end":{"line":70,"column":66}}]},"2":{"loc":{"start":{"line":80,"column":11},"end":{"line":80,"column":56}},"type":"binary-expr","locations":[{"start":{"line":80,"column":11},"end":{"line":80,"column":27}},{"start":{"line":80,"column":31},"end":{"line":80,"column":56}}]},"3":{"loc":{"start":{"line":90,"column":4},"end":{"line":90,"column":32}},"type":"if","locations":[{"start":{"line":90,"column":4},"end":{"line":90,"column":32}},{"start":{},"end":{}}]},"4":{"loc":{"start":{"line":112,"column":4},"end":{"line":112,"column":32}},"type":"if","locations":[{"start":{"line":112,"column":4},"end":{"line":112,"column":32}},{"start":{},"end":{}}]},"5":{"loc":{"start":{"line":114,"column":4},"end":{"line":125,"column":44}},"type":"if","locations":[{"start":{"line":114,"column":4},"end":{"line":125,"column":44}},{"start":{"line":125,"column":11},"end":{"line":125,"column":44}}]},"6":{"loc":{"start":{"line":115,"column":6},"end":{"line":124,"column":10}},"type":"if","locations":[{"start":{"line":115,"column":6},"end":{"line":124,"column":10}},{"start":{"line":122,"column":8},"end":{"line":124,"column":10}}]},"7":{"loc":{"start":{"line":115,"column":10},"end":{"line":115,"column":46}},"type":"binary-expr","locations":[{"start":{"line":115,"column":10},"end":{"line":115,"column":25}},{"start":{"line":115,"column":29},"end":{"line":115,"column":46}}]},"8":{"loc":{"start":{"line":135,"column":4},"end":{"line":135,"column":38}},"type":"if","locations":[{"start":{"line":135,"column":4},"end":{"line":135,"column":38}},{"start":{},"end":{}}]},"9":{"loc":{"start":{"line":146,"column":4},"end":{"line":146,"column":32}},"type":"if","locations":[{"start":{"line":146,"column":4},"end":{"line":146,"column":32}},{"start":{},"end":{}}]},"10":{"loc":{"start":{"line":169,"column":4},"end":{"line":169,"column":76}},"type":"if","locations":[{"start":{"line":169,"column":4},"end":{"line":169,"column":76}},{"start":{},"end":{}}]},"11":{"loc":{"start":{"line":169,"column":8},"end":{"line":169,"column":26}},"type":"binary-expr","locations":[{"start":{"line":169,"column":8},"end":{"line":169,"column":11}},{"start":{"line":169,"column":15},"end":{"line":169,"column":26}}]},"12":{"loc":{"start":{"line":180,"column":11},"end":{"line":180,"column":51}},"type":"cond-expr","locations":[{"start":{"line":180,"column":28},"end":{"line":180,"column":47}},{"start":{"line":180,"column":50},"end":{"line":180,"column":51}}]}},"s":{"0":2,"1":2,"2":2,"3":2,"4":2,"5":2,"6":2,"7":2,"8":2,"9":0,"10":12,"11":7,"12":0,"13":7,"14":20,"15":0,"16":20,"17":1,"18":1,"19":0,"20":19,"21":1,"22":0,"23":1,"24":22,"25":0,"26":22,"27":2,"28":2,"29":2,"30":2,"31":2,"32":2,"33":5,"34":2},"f":{"0":2,"1":2,"2":0,"3":12,"4":7,"5":20,"6":1,"7":22,"8":2,"9":5},"b":{"0":[2,0],"1":[0,0],"2":[12,12],"3":[0,7],"4":[0,20],"5":[1,19],"6":[1,0],"7":[1,1],"8":[0,1],"9":[0,22],"10":[2,0],"11":[2,2],"12":[5,0]}}
,"D:\\Ziad\\lib\\sigil\\src\\core\\symbols.ts": {"path":"D:\\Ziad\\lib\\sigil\\src\\core\\symbols.ts","statementMap":{"0":{"start":{"line":10,"column":13},"end":{"line":10,"column":56}},"1":{"start":{"line":21,"column":13},"end":{"line":21,"column":66}},"2":{"start":{"line":32,"column":13},"end":{"line":32,"column":64}},"3":{"start":{"line":42,"column":13},"end":{"line":44,"column":2}},"4":{"start":{"line":54,"column":13},"end":{"line":54,"column":56}},"5":{"start":{"line":64,"column":13},"end":{"line":64,"column":72}},"6":{"start":{"line":74,"column":13},"end":{"line":74,"column":64}},"7":{"start":{"line":85,"column":13},"end":{"line":85,"column":54}},"8":{"start":{"line":96,"column":13},"end":{"line":96,"column":70}},"9":{"start":{"line":106,"column":13},"end":{"line":106,"column":62}}},"fnMap":{},"branchMap":{},"s":{"0":2,"1":2,"2":2,"3":2,"4":2,"5":2,"6":2,"7":2,"8":2,"9":2},"f":{},"b":{}}
}
