TN:
SF:src\index.ts
FNF:0
FNH:0
DA:1,2
DA:2,2
LF:2
LH:2
BRF:0
BRH:0
end_of_record
TN:
SF:src\core\classes.ts
FNF:0
FNH:0
DA:1,2
DA:9,2
DA:18,2
LF:3
LH:3
BRF:0
BRH:0
end_of_record
TN:
SF:src\core\decorator.ts
FN:35,WithSigil
FN:43,(anonymous_1)
FNF:2
FNH:2
FNDA:3,WithSigil
FNDA:3,(anonymous_1)
DA:1,2
DA:35,2
DA:38,3
DA:39,2
DA:40,2
DA:41,1
DA:43,3
DA:45,3
DA:46,3
DA:47,1
DA:51,2
DA:53,2
LF:12
LH:12
BRDA:38,0,0,2
BRDA:38,0,1,1
BRDA:45,1,0,0
BRDA:45,1,1,3
BRDA:46,2,0,1
BRDA:46,2,1,2
BRF:6
BRH:5
end_of_record
TN:
SF:src\core\enhancers.ts
FN:29,withSigil
FN:69,typed
FN:110,withSigilTyped
FNF:3
FNH:3
FNDA:13,withSigil
FNDA:1,typed
FNDA:1,withSigilTyped
DA:1,2
DA:8,2
DA:29,2
DA:34,13
DA:35,1
DA:41,12
DA:42,11
DA:43,11
DA:44,1
DA:47,12
DA:48,12
DA:49,12
DA:51,12
DA:69,2
DA:74,1
DA:75,1
DA:79,0
DA:80,0
DA:81,0
DA:83,0
DA:88,0
DA:110,2
DA:115,1
DA:116,1
DA:122,0
DA:123,0
DA:124,0
DA:125,0
DA:128,0
DA:129,0
DA:130,0
DA:132,0
LF:32
LH:19
BRDA:34,0,0,1
BRDA:34,0,1,12
BRDA:36,1,0,1
BRDA:36,1,1,0
BRDA:41,2,0,11
BRDA:41,2,1,1
BRDA:74,3,0,1
BRDA:74,3,1,0
BRDA:76,4,0,1
BRDA:76,4,1,0
BRDA:79,5,0,0
BRDA:79,5,1,0
BRDA:79,6,0,0
BRDA:79,6,1,0
BRDA:79,6,2,0
BRDA:81,7,0,0
BRDA:81,7,1,0
BRDA:81,8,0,0
BRDA:81,8,1,0
BRDA:115,9,0,1
BRDA:115,9,1,0
BRDA:117,10,0,1
BRDA:117,10,1,0
BRDA:122,11,0,0
BRDA:122,11,1,0
BRF:25
BRH:9
end_of_record
TN:
SF:src\core\helpers.ts
FN:39,decorateCtor
FN:106,checkInheritance
FN:173,verifyLabel
FN:201,generateRandomLabel
FN:221,markSigil
FN:240,markSigilBase
FN:258,markDecorated
FN:276,markInheritanceChecked
FN:294,isSigilCtor
FN:308,isSigilInstance
FN:322,isSigilBaseCtor
FN:334,isSigilBaseInstance
FN:349,isDecorated
FN:362,isInheritanceChecked
FN:379,getConstructor
FN:391,generateRandomString
FNF:16
FNH:14
FNDA:20,decorateCtor
FNDA:20,checkInheritance
FNDA:19,verifyLabel
FNDA:2,generateRandomLabel
FNDA:6,markSigil
FNDA:6,markSigilBase
FNDA:20,markDecorated
FNDA:15,markInheritanceChecked
FNDA:84,isSigilCtor
FNDA:8,isSigilInstance
FNDA:0,isSigilBaseCtor
FNDA:0,isSigilBaseInstance
FNDA:20,isDecorated
FNDA:20,isInheritanceChecked
FNDA:26,getConstructor
FNDA:2,generateRandomString
DA:1,2
DA:2,2
DA:3,2
DA:39,2
DA:41,20
DA:42,0
DA:47,20
DA:48,20
DA:51,20
DA:57,20
DA:65,20
DA:67,20
DA:68,20
DA:69,20
DA:75,20
DA:83,20
DA:106,2
DA:113,20
DA:114,20
DA:115,20
DA:119,5
DA:122,15
DA:125,15
DA:126,15
DA:127,15
DA:128,15
DA:132,15
DA:135,15
DA:136,30
DA:137,30
DA:138,30
DA:139,30
DA:140,0
DA:144,0
DA:145,0
DA:150,0
DA:151,0
DA:153,30
DA:155,15
DA:173,2
DA:177,19
DA:179,19
DA:181,0
DA:182,0
DA:184,0
DA:185,0
DA:201,2
DA:202,2
DA:203,2
DA:204,2
DA:221,2
DA:222,6
DA:240,2
DA:241,6
DA:258,2
DA:259,20
DA:276,2
DA:277,15
DA:294,2
DA:295,84
DA:308,2
DA:309,8
DA:310,8
DA:311,8
DA:322,2
DA:323,0
DA:334,2
DA:335,0
DA:336,0
DA:337,0
DA:349,2
DA:350,20
DA:362,2
DA:363,20
DA:379,2
DA:380,26
DA:381,26
DA:393,2
DA:394,2
DA:396,2
DA:397,32
DA:400,2
LF:82
LH:68
BRDA:41,0,0,0
BRDA:41,0,1,20
BRDA:67,1,0,14
BRDA:67,1,1,6
BRDA:67,2,0,20
BRDA:67,2,1,20
BRDA:113,3,0,0
BRDA:113,3,1,20
BRDA:113,4,0,20
BRDA:113,4,1,20
BRDA:114,5,0,0
BRDA:114,5,1,20
BRDA:115,6,0,5
BRDA:115,6,1,15
BRDA:116,7,0,20
BRDA:116,7,1,15
BRDA:116,7,2,15
BRDA:137,8,0,0
BRDA:137,8,1,30
BRDA:139,9,0,0
BRDA:139,9,1,30
BRDA:140,10,0,0
BRDA:140,10,1,0
BRDA:141,11,0,0
BRDA:141,11,1,0
BRDA:142,12,0,0
BRDA:142,12,1,0
BRDA:177,13,0,19
BRDA:177,13,1,19
BRDA:179,14,0,0
BRDA:179,14,1,19
BRDA:181,15,0,0
BRDA:181,15,1,0
BRDA:184,16,0,0
BRDA:184,16,1,0
BRDA:201,17,0,2
BRDA:295,18,0,84
BRDA:295,18,1,84
BRDA:309,19,0,0
BRDA:309,19,1,8
BRDA:309,20,0,8
BRDA:309,20,1,8
BRDA:335,21,0,0
BRDA:335,21,1,0
BRDA:335,22,0,0
BRDA:335,22,1,0
BRDA:380,23,0,0
BRDA:380,23,1,26
BRDA:380,24,0,26
BRDA:380,24,1,26
BRDA:381,25,0,26
BRDA:381,25,1,0
BRDA:381,25,2,0
BRDA:391,26,0,0
BRF:54
BRH:29
end_of_record
TN:
SF:src\core\index.ts
FN:1,(anonymous_0)
FN:1,(anonymous_1)
FN:2,(anonymous_2)
FN:3,(anonymous_3)
FN:3,(anonymous_4)
FN:3,(anonymous_5)
FN:5,(anonymous_6)
FN:6,(anonymous_7)
FN:7,(anonymous_8)
FN:8,(anonymous_9)
FN:9,(anonymous_10)
FN:10,(anonymous_11)
FN:12,(anonymous_12)
FN:14,(anonymous_13)
FN:16,(anonymous_14)
FN:18,(anonymous_15)
FNF:16
FNH:10
FNDA:13,(anonymous_0)
FNDA:0,(anonymous_1)
FNDA:3,(anonymous_2)
FNDA:1,(anonymous_3)
FNDA:13,(anonymous_4)
FNDA:1,(anonymous_5)
FNDA:0,(anonymous_6)
FNDA:0,(anonymous_7)
FNDA:0,(anonymous_8)
FNDA:0,(anonymous_9)
FNDA:1,(anonymous_10)
FNDA:2,(anonymous_11)
FNDA:3,(anonymous_12)
FNDA:18,(anonymous_13)
FNDA:0,(anonymous_14)
FNDA:47,(anonymous_15)
DA:1,15
DA:2,5
DA:3,15
DA:4,2
DA:5,2
DA:6,2
DA:7,2
DA:8,2
DA:9,3
DA:10,4
DA:12,5
DA:13,2
DA:14,20
DA:16,2
DA:18,49
LF:15
LH:15
BRF:0
BRH:0
end_of_record
TN:
SF:src\core\mixin.ts
FN:35,Sigilify
FN:58,(anonymous_1)
FN:68,(anonymous_2)
FN:79,(anonymous_3)
FN:90,(anonymous_4)
FN:98,(anonymous_5)
FN:125,(anonymous_6)
FN:144,(anonymous_7)
FN:168,(anonymous_8)
FN:179,(anonymous_9)
FN:188,(anonymous_10)
FN:205,(anonymous_11)
FN:222,(anonymous_12)
FN:239,(anonymous_13)
FNF:14
FNH:12
FNDA:7,Sigilify
FNDA:40,(anonymous_1)
FNDA:13,(anonymous_2)
FNDA:0,(anonymous_3)
FNDA:1,(anonymous_4)
FNDA:6,(anonymous_5)
FNDA:2,(anonymous_6)
FNDA:2,(anonymous_7)
FNDA:2,(anonymous_8)
FNDA:5,(anonymous_9)
FNDA:4,(anonymous_10)
FNDA:3,(anonymous_11)
FNDA:0,(anonymous_12)
FNDA:1,(anonymous_13)
DA:1,2
DA:12,2
DA:13,2
DA:35,2
DA:41,7
DA:42,1
DA:46,6
DA:47,6
DA:48,6
DA:49,0
DA:59,40
DA:69,13
DA:80,0
DA:91,1
DA:92,3
DA:93,1
DA:99,6
DA:102,6
DA:103,0
DA:106,6
DA:107,6
DA:108,0
DA:109,0
DA:112,0
DA:116,6
DA:126,2
DA:148,2
DA:150,2
DA:151,2
DA:152,2
DA:153,2
DA:172,2
DA:174,2
DA:175,2
DA:176,2
DA:177,2
DA:178,2
DA:179,5
DA:189,4
DA:190,4
DA:191,0
DA:192,0
DA:195,0
DA:197,4
DA:206,3
DA:207,3
DA:208,0
DA:209,0
DA:212,0
DA:214,3
DA:223,0
DA:224,0
DA:225,0
DA:226,0
DA:229,0
DA:231,0
DA:240,1
DA:241,1
DA:242,0
DA:243,0
DA:246,0
DA:248,1
DA:253,6
DA:256,6
DA:257,6
DA:259,6
LF:66
LH:45
BRDA:41,0,0,1
BRDA:41,0,1,6
BRDA:46,1,0,6
BRDA:46,1,1,0
BRDA:80,2,0,0
BRDA:80,2,1,0
BRDA:102,3,0,0
BRDA:102,3,1,6
BRDA:107,4,0,0
BRDA:107,4,1,6
BRDA:108,5,0,0
BRDA:108,5,1,0
BRDA:108,6,0,0
BRDA:108,6,1,0
BRDA:148,7,0,0
BRDA:148,7,1,2
BRDA:151,8,0,0
BRDA:151,8,1,2
BRDA:153,9,0,2
BRDA:153,9,1,2
BRDA:172,10,0,0
BRDA:172,10,1,2
BRDA:175,11,0,0
BRDA:175,11,1,2
BRDA:179,12,0,2
BRDA:179,12,1,2
BRDA:190,13,0,0
BRDA:190,13,1,4
BRDA:191,14,0,0
BRDA:191,14,1,0
BRDA:191,15,0,0
BRDA:191,15,1,0
BRDA:207,16,0,0
BRDA:207,16,1,3
BRDA:208,17,0,0
BRDA:208,17,1,0
BRDA:208,18,0,0
BRDA:208,18,1,0
BRDA:224,19,0,0
BRDA:224,19,1,0
BRDA:225,20,0,0
BRDA:225,20,1,0
BRDA:225,21,0,0
BRDA:225,21,1,0
BRDA:241,22,0,0
BRDA:241,22,1,1
BRDA:242,23,0,0
BRDA:242,23,1,0
BRDA:242,24,0,0
BRDA:242,24,1,0
BRF:50
BRH:16
end_of_record
TN:
SF:src\core\options.ts
FN:78,(anonymous_0)
FNF:1
FNH:1
FNDA:18,(anonymous_0)
DA:2,2
DA:60,2
DA:78,2
DA:79,54
DA:89,2
LF:5
LH:5
BRF:0
BRH:0
end_of_record
TN:
SF:src\core\registry.ts
FN:28,(anonymous_0)
FN:38,(anonymous_1)
FN:69,(anonymous_2)
FN:79,(anonymous_3)
FN:89,(anonymous_4)
FN:107,(anonymous_5)
FN:134,(anonymous_6)
FN:145,(anonymous_7)
FN:167,(anonymous_8)
FN:179,(anonymous_9)
FNF:10
FNH:9
FNDA:2,(anonymous_0)
FNDA:2,(anonymous_1)
FNDA:0,(anonymous_2)
FNDA:12,(anonymous_3)
FNDA:7,(anonymous_4)
FNDA:20,(anonymous_5)
FNDA:1,(anonymous_6)
FNDA:22,(anonymous_7)
FNDA:2,(anonymous_8)
FNDA:5,(anonymous_9)
DA:1,2
DA:17,2
DA:28,2
DA:29,2
DA:30,2
DA:32,2
DA:38,2
DA:39,2
DA:62,2
DA:70,0
DA:80,12
DA:90,7
DA:91,7
DA:112,20
DA:114,20
DA:115,1
DA:118,1
DA:122,0
DA:125,19
DA:135,1
DA:136,1
DA:146,22
DA:147,22
DA:168,2
DA:169,2
DA:170,2
DA:171,2
DA:180,5
DA:190,2
LF:29
LH:27
BRDA:29,0,0,2
BRDA:29,0,1,0
BRDA:70,1,0,0
BRDA:70,1,1,0
BRDA:80,2,0,12
BRDA:80,2,1,12
BRDA:90,3,0,0
BRDA:90,3,1,7
BRDA:112,4,0,0
BRDA:112,4,1,20
BRDA:114,5,0,1
BRDA:114,5,1,19
BRDA:115,6,0,1
BRDA:115,6,1,0
BRDA:115,7,0,1
BRDA:115,7,1,1
BRDA:135,8,0,0
BRDA:135,8,1,1
BRDA:146,9,0,0
BRDA:146,9,1,22
BRDA:169,10,0,2
BRDA:169,10,1,0
BRDA:169,11,0,2
BRDA:169,11,1,2
BRDA:180,12,0,5
BRDA:180,12,1,0
BRF:26
BRH:16
end_of_record
TN:
SF:src\core\symbols.ts
FNF:0
FNH:0
DA:10,2
DA:21,2
DA:32,2
DA:42,2
DA:54,2
DA:64,2
DA:74,2
DA:85,2
DA:96,2
DA:106,2
LF:10
LH:10
BRF:0
BRH:0
end_of_record
